26.11.2015 00:45:35 [main] INFO  by.bsu.mobile.creator.ListOfTariffsCreator  - Business has been created
26.11.2015 00:45:35 [main] INFO  by.bsu.mobile.creator.ListOfTariffsCreator  - BusinessPro has been created
26.11.2015 00:45:35 [main] INFO  by.bsu.mobile.creator.ListOfTariffsCreator  - BusinessClass has been created
26.11.2015 00:45:35 [main] INFO  by.bsu.mobile.creator.ListOfTariffsCreator  - EverybodyTalks has been created
26.11.2015 00:45:35 [main] INFO  by.bsu.mobile.creator.ListOfTariffsCreator  - Gumshoes has been created
26.11.2015 00:45:35 [main] INFO  by.bsu.mobile.creator.ListOfTariffsCreator  - InConnection has been created
26.11.2015 00:45:35 [main] INFO  by.bsu.mobile.creator.ListOfTariffsCreator  - Shoes has been created
26.11.2015 00:45:35 [main] INFO  by.bsu.mobile.creator.ListOfTariffsCreator  - SmartTariff has been created
26.11.2015 00:45:35 [main] INFO  by.bsu.mobile.creator.ListOfTariffsCreator  - SmartTariff has been created
26.11.2015 00:45:35 [main] INFO  by.bsu.mobile.creator.ListOfTariffsCreator  - SmartTariff has been created
26.11.2015 00:45:35 [main] INFO  by.bsu.mobile.creator.ListOfTariffsCreator  - SummerCalls has been created
26.11.2015 00:45:58 [main] INFO  by.bsu.mobile.creator.ListOfTariffsCreator  - Business has been created
26.11.2015 00:45:58 [main] INFO  by.bsu.mobile.creator.ListOfTariffsCreator  - BusinessPro has been created
26.11.2015 00:45:58 [main] INFO  by.bsu.mobile.creator.ListOfTariffsCreator  - BusinessClass has been created
26.11.2015 00:45:58 [main] INFO  by.bsu.mobile.creator.ListOfTariffsCreator  - EverybodyTalks has been created
26.11.2015 00:45:58 [main] INFO  by.bsu.mobile.creator.ListOfTariffsCreator  - Gumshoes has been created
26.11.2015 00:45:58 [main] INFO  by.bsu.mobile.creator.ListOfTariffsCreator  - InConnection has been created
26.11.2015 00:45:58 [main] INFO  by.bsu.mobile.creator.ListOfTariffsCreator  - Shoes has been created
26.11.2015 00:45:58 [main] INFO  by.bsu.mobile.creator.ListOfTariffsCreator  - SmartTariff has been created
26.11.2015 00:45:58 [main] INFO  by.bsu.mobile.creator.ListOfTariffsCreator  - SmartTariff has been created
26.11.2015 00:45:58 [main] INFO  by.bsu.mobile.creator.ListOfTariffsCreator  - SmartTariff has been created
26.11.2015 00:45:58 [main] INFO  by.bsu.mobile.creator.ListOfTariffsCreator  - SummerCalls has been created
